
> inter-media-app@0.1.0 dev
> concurrently "node socket-server.js" "next dev"

[0] node:events:486
[0]       throw er; // Unhandled 'error' event
[0]       ^
[0] 
[0] Error: listen EADDRINUSE: address already in use :::3001
[0]     at Server.setupListenHandle [as _listen2] (node:net:1940:16)
[0]     at listenInCluster (node:net:1997:12)
[0]     at Server.listen (node:net:2102:7)
[0]     at Object.<anonymous> (/workspaces/Pengadepan/inter-media-app/socket-server.js:31:12)
[0]     at Module._compile (node:internal/modules/cjs/loader:1761:14)
[0]     at Object..js (node:internal/modules/cjs/loader:1893:10)
[0]     at Module.load (node:internal/modules/cjs/loader:1481:32)
[0]     at Module._load (node:internal/modules/cjs/loader:1300:12)
[0]     at TracingChannel.traceSync (node:diagnostics_channel:328:14)
[0]     at wrapModuleLoad (node:internal/modules/cjs/loader:245:24)
[0] Emitted 'error' event on Server instance at:
[0]     at emitErrorNT (node:net:1976:8)
[0]     at process.processTicksAndRejections (node:internal/process/task_queues:89:21) {
[0]   code: 'EADDRINUSE',
[0]   errno: -98,
[0]   syscall: 'listen',
[0]   address: '::',
[0]   port: 3001
[0] }
[0] 
[0] Node.js v24.11.1
[0] node socket-server.js exited with code 1
[1] ⚠ Port 3000 is in use by an unknown process, using available port 3002 instead.
[1] ▲ Next.js 16.1.3 (Turbopack)
[1] - Local:         http://localhost:3002
[1] - Network:       http://10.0.1.21:3002
[1] - Environments: .env.local
[1] 
[1] ✓ Starting...
[1] ⨯ Unable to acquire lock at /workspaces/Pengadepan/inter-media-app/.next/dev/lock, is another instance of next dev running?
[1]   Suggestion: If you intended to restart next dev, terminate the other process, and then try again.
[1] [?25h
[1] next dev exited with code 1
